Flutter App/pyable/build/app/intermediates/manifest_merge_blame_file/release/manifest-merger-blame-release-report.txt
1<?xml version="1.0" encoding="utf-8"?>
2<manifest xmlns:android="http://schemas.android.com/apk/res/android"
3    package="com.example.pyable"
4    android:versionCode="1"
5    android:versionName="1.0.0" >
6
7    <uses-sdk
8        android:minSdkVersion="18"
8-->src/main/AndroidManifest.xml
9        android:targetSdkVersion="30" />
9-->src/main/AndroidManifest.xml
10
11    <uses-permission android:name="android.permission.BLUETOOTH" />
11-->src/main/AndroidManifest.xml:3:5-68
11-->src/main/AndroidManifest.xml:3:22-65
12    <uses-permission android:name="android.permission.BLUETOOTH_ADMIN" />
12-->src/main/AndroidManifest.xml:4:5-74
12-->src/main/AndroidManifest.xml:4:22-71
13    <uses-permission android:name="android.permission.ACCESS_WIFI_STATE" />
13-->src/main/AndroidManifest.xml:5:5-76
13-->src/main/AndroidManifest.xml:5:22-73
14    <uses-permission android:name="android.permission.CHANGE_WIFI_STATE" />
14-->src/main/AndroidManifest.xml:6:5-76
14-->src/main/AndroidManifest.xml:6:22-73
15    <uses-permission android:name="android.permission.ACCESS_COARSE_LOCATION" />
15-->src/main/AndroidManifest.xml:7:5-81
15-->src/main/AndroidManifest.xml:7:22-78
16    <uses-permission android:name="android.permission.ACCESS_FINE_LOCATION" />
16-->src/main/AndroidManifest.xml:8:5-79
16-->src/main/AndroidManifest.xml:8:22-76
17    <uses-permission android:name="android.permission.CAMERA" />
17-->src/main/AndroidManifest.xml:9:5-65
17-->src/main/AndroidManifest.xml:9:22-62
18    <uses-permission android:name="android.permission.INTERNET" />
18-->src/main/AndroidManifest.xml:10:5-66
18-->src/main/AndroidManifest.xml:10:22-64
19    <uses-permission android:name="android.permission.ACCESS_NETWORK_STATE" />
19-->[:connectivity] AndroidManifest.xml:7:5-79
19-->[:connectivity] AndroidManifest.xml:7:22-76
20    <uses-permission
20-->[:mobile_number] AndroidManifest.xml:9:5-11:38
21        android:name="android.permission.READ_PHONE_STATE"
21-->[:mobile_number] AndroidManifest.xml:10:9-59
22        android:maxSdkVersion="29" />
22-->[:mobile_number] AndroidManifest.xml:11:9-35
23    <uses-permission android:name="android.permission.READ_PHONE_NUMBERS" />
23-->[:mobile_number] AndroidManifest.xml:12:5-77
23-->[:mobile_number] AndroidManifest.xml:12:22-74
24
25    <application
25-->src/main/AndroidManifest.xml:12:4-49:19
26        android:appComponentFactory="androidx.core.app.CoreComponentFactory"
26-->[androidx.core:core:1.3.0] AndroidManifest.xml:24:18-86
27        android:icon="@mipmap/ic_launcher"
27-->src/main/AndroidManifest.xml:14:9-43
28        android:label="pyable" >
28-->src/main/AndroidManifest.xml:13:9-31
29        <activity
29-->src/main/AndroidManifest.xml:15:9-43:20
30            android:name="com.example.pyable.MainActivity"
30-->src/main/AndroidManifest.xml:16:13-41
31            android:configChanges="orientation|keyboardHidden|keyboard|screenSize|smallestScreenSize|locale|layoutDirection|fontScale|screenLayout|density|uiMode"
31-->src/main/AndroidManifest.xml:19:13-163
32            android:hardwareAccelerated="true"
32-->src/main/AndroidManifest.xml:20:13-47
33            android:launchMode="singleTop"
33-->src/main/AndroidManifest.xml:17:13-43
34            android:theme="@style/LaunchTheme"
34-->src/main/AndroidManifest.xml:18:13-47
35            android:windowSoftInputMode="adjustResize" >
35-->src/main/AndroidManifest.xml:21:13-55
36
37            <!--
38                 Specifies an Android theme to apply to this Activity as soon as
39                 the Android process has started. This theme is visible to the user
40                 while the Flutter UI initializes. After that, this theme continues
41                 to determine the Window background behind the Flutter UI.
42            -->
43            <meta-data
43-->src/main/AndroidManifest.xml:26:13-29:17
44                android:name="io.flutter.embedding.android.NormalTheme"
44-->src/main/AndroidManifest.xml:27:15-70
45                android:resource="@style/NormalTheme" />
45-->src/main/AndroidManifest.xml:28:15-52
46            <!--
47                 Displays an Android View that continues showing the launch screen
48                 Drawable until Flutter paints its first frame, then this splash
49                 screen fades out. A splash screen is useful to avoid any visual
50                 gap between the end of Android's launch screen and the painting of
51                 Flutter's first frame.
52            -->
53            <meta-data
53-->src/main/AndroidManifest.xml:35:13-38:17
54                android:name="io.flutter.embedding.android.SplashScreenDrawable"
54-->src/main/AndroidManifest.xml:36:15-79
55                android:resource="@drawable/launch_background" />
55-->src/main/AndroidManifest.xml:37:15-61
56
57            <intent-filter>
57-->src/main/AndroidManifest.xml:39:13-42:29
58                <action android:name="android.intent.action.MAIN" />
58-->src/main/AndroidManifest.xml:40:17-68
58-->src/main/AndroidManifest.xml:40:25-66
59
60                <category android:name="android.intent.category.LAUNCHER" />
60-->src/main/AndroidManifest.xml:41:17-76
60-->src/main/AndroidManifest.xml:41:27-74
61            </intent-filter>
62        </activity>
63        <!--
64             Don't delete the meta-data below.
65             This is used by the Flutter tool to generate GeneratedPluginRegistrant.java
66        -->
67        <meta-data
67-->src/main/AndroidManifest.xml:46:9-48:33
68            android:name="flutterEmbedding"
68-->src/main/AndroidManifest.xml:47:13-44
69            android:value="2" />
69-->src/main/AndroidManifest.xml:48:13-30
70
71        <activity android:name="com.apptreesoftware.barcodescan.BarcodeScannerActivity" />
71-->[:barcode_scan_fix] AndroidManifest.xml:14:9-91
71-->[:barcode_scan_fix] AndroidManifest.xml:14:19-88
72        <activity
72-->[com.google.android.gms:play-services-base:17.5.0] AndroidManifest.xml:23:9-26:75
73            android:name="com.google.android.gms.common.api.GoogleApiActivity"
73-->[com.google.android.gms:play-services-base:17.5.0] AndroidManifest.xml:24:13-79
74            android:exported="false"
74-->[com.google.android.gms:play-services-base:17.5.0] AndroidManifest.xml:25:13-37
75            android:theme="@android:style/Theme.Translucent.NoTitleBar" />
75-->[com.google.android.gms:play-services-base:17.5.0] AndroidManifest.xml:26:13-72
76
77        <meta-data
77-->[com.google.android.gms:play-services-basement:17.5.0] AndroidManifest.xml:23:9-25:69
78            android:name="com.google.android.gms.version"
78-->[com.google.android.gms:play-services-basement:17.5.0] AndroidManifest.xml:24:13-58
79            android:value="@integer/google_play_services_version" />
79-->[com.google.android.gms:play-services-basement:17.5.0] AndroidManifest.xml:25:13-66
80    </application>
81
82</manifest>